#
# There is insufficient memory for the Java Runtime Environment to continue.
# Native memory allocation (malloc) failed to allocate 3353936 bytes for Chunk::new
# Possible reasons:
#   The system is out of physical RAM or swap space
#   The process is running with CompressedOops enabled, and the Java Heap may be blocking the growth of the native heap
# Possible solutions:
#   Reduce memory load on the system
#   Increase physical memory or swap space
#   Check if swap backing store is full
#   Decrease Java heap size (-Xmx/-Xms)
#   Decrease number of Java threads
#   Decrease Java thread stack sizes (-Xss)
#   Set larger code cache with -XX:ReservedCodeCacheSize=
#   JVM is running with Unscaled Compressed Oops mode in which the Java heap is
#     placed in the first 4GB address space. The Java Heap base address is the
#     maximum limit for the native heap growth. Please use -XX:HeapBaseMinAddress
#     to set the Java Heap base and to place the Java Heap above 4GB virtual address.
# This output file may be truncated or incomplete.
#
#  Out of Memory Error (allocation.cpp:389), pid=1680, tid=0x0000000000000280
#
# JRE version: Java(TM) SE Runtime Environment (8.0_231-b11) (build 1.8.0_231-b11)
# Java VM: Java HotSpot(TM) 64-Bit Server VM (25.231-b11 mixed mode windows-amd64 compressed oops)
# Failed to write core dump. Minidumps are not enabled by default on client versions of Windows
#

---------------  T H R E A D  ---------------

Current thread (0x000000001865f800):  JavaThread "C2 CompilerThread0" daemon [_thread_in_native, id=640, stack(0x0000000018e70000,0x0000000018f70000)]

Stack: [0x0000000018e70000,0x0000000018f70000]
[error occurred during error reporting (printing stack bounds), id 0xc0000005]

Native frames: (J=compiled Java code, j=interpreted, Vv=VM code, C=native code)


Current CompileTask:
C2:  75043 10059   !   4       java.util.concurrent.ConcurrentHashMap::transfer (832 bytes)


---------------  P R O C E S S  ---------------

Java Threads: ( => current thread )
  0x0000000020682000 JavaThread "task-2" [_thread_blocked, id=6208, stack(0x0000000024780000,0x0000000024880000)]
  0x0000000020683000 JavaThread "HikariPool-2 connection adder" daemon [_thread_blocked, id=20328, stack(0x0000000024450000,0x0000000024550000)]
  0x000000002067e800 JavaThread "HikariPool-2 housekeeper" daemon [_thread_blocked, id=17468, stack(0x0000000024350000,0x0000000024450000)]
  0x0000000020680000 JavaThread "task-1" [_thread_blocked, id=14884, stack(0x0000000001230000,0x0000000001330000)]
  0x000000001bd2f000 JavaThread "task-2" [_thread_blocked, id=18492, stack(0x0000000024050000,0x0000000024150000)]
  0x000000001bd2e000 JavaThread "HikariPool-1 housekeeper" daemon [_thread_blocked, id=9660, stack(0x0000000001130000,0x0000000001230000)]
  0x000000001bd2b000 JavaThread "task-1" [_thread_blocked, id=17948, stack(0x000000001da90000,0x000000001db90000)]
  0x000000001bd32000 JavaThread "mysql-cj-abandoned-connection-cleanup" daemon [_thread_blocked, id=23660, stack(0x000000001de40000,0x000000001df40000)]
  0x00000000198c7800 JavaThread "surefire-forkedjvm-ping-30s" daemon [_thread_in_native, id=20548, stack(0x000000001a440000,0x000000001a540000)]
  0x000000001899e800 JavaThread "surefire-forkedjvm-command-thread" daemon [_thread_in_native, id=22192, stack(0x000000001a340000,0x000000001a440000)]
  0x000000001868c000 JavaThread "Service Thread" daemon [_thread_blocked, id=9212, stack(0x0000000019170000,0x0000000019270000)]
  0x00000000186ce000 JavaThread "C1 CompilerThread2" daemon [_thread_blocked, id=21200, stack(0x0000000019070000,0x0000000019170000)]
  0x00000000186cd000 JavaThread "C2 CompilerThread1" daemon [_thread_blocked, id=17100, stack(0x0000000018f70000,0x0000000019070000)]
=>0x000000001865f800 JavaThread "C2 CompilerThread0" daemon [_thread_in_native, id=640, stack(0x0000000018e70000,0x0000000018f70000)]
  0x00000000168cd800 JavaThread "Attach Listener" daemon [_thread_blocked, id=23260, stack(0x0000000017e30000,0x0000000017f30000)]
  0x00000000168cc800 JavaThread "Signal Dispatcher" daemon [_thread_blocked, id=1524, stack(0x0000000017d30000,0x0000000017e30000)]
  0x00000000168b9800 JavaThread "Finalizer" daemon [_thread_blocked, id=22956, stack(0x0000000017b30000,0x0000000017c30000)]
  0x0000000002ff2000 JavaThread "Reference Handler" daemon [_thread_blocked, id=9976, stack(0x0000000017a30000,0x0000000017b30000)]
  0x0000000002f02800 JavaThread "main" [_thread_in_native, id=24236, stack(0x0000000002cc0000,0x0000000002dc0000)]

Other Threads:
  0x0000000016898000 VMThread [stack: 0x0000000017930000,0x0000000017a30000] [id=8644]
  0x00000000186ce800 WatcherThread [stack: 0x0000000019270000,0x0000000019370000] [id=20840]

VM state:not at safepoint (normal execution)

VM Mutex/Monitor currently owned by a thread: None

heap address: 0x00000000a1200000, size: 1518 MB, Compressed Oops mode: 32-bit
Narrow klass base: 0x0000000000000000, Narrow klass shift: 3
Compressed class space size: 1073741824 Address: 0x0000000100000000

Heap:
 PSYoungGen      total 496128K, used 58143K [0x00000000e0600000, 0x0000000100000000, 0x0000000100000000)
  eden space 475136K, 7% used [0x00000000e0600000,0x00000000e2a8abe8,0x00000000fd600000)
  from space 20992K, 98% used [0x00000000fd600000,0x00000000fea3d348,0x00000000fea80000)
  to   space 22016K, 0% used [0x00000000fea80000,0x00000000fea80000,0x0000000100000000)
 ParOldGen       total 93696K, used 36913K [0x00000000a1200000, 0x00000000a6d80000, 0x00000000e0600000)
  object space 93696K, 39% used [0x00000000a1200000,0x00000000a360c4d8,0x00000000a6d80000)
 Metaspace       used 86694K, capacity 91012K, committed 91160K, reserved 1128448K
  class space    used 10545K, capacity 11225K, committed 11304K, reserved 1048576K

Card table byte_map: [0x00000000123c0000,0x00000000126c0000] byte_map_base: 0x0000000011eb7000

Marking Bits: (ParMarkBitMap*) 0x0000000068996d90
 Begin Bits: [0x0000000012cc0000, 0x0000000014478000)
 End Bits:   [0x0000000014478000, 0x0000000015c30000)

Polling page: 0x0000000002ad0000

CodeCache: size=245760Kb used=33383Kb max_used=33398Kb free=212376Kb
 bounds [0x0000000003000000, 0x00000000050f0000, 0x0000000012000000]
 total_blobs=8973 nmethods=8347 adapters=536
 compilation: enabled

Compilation events (10 events):
Event: 75.009 Thread 0x00000000186ce000 10084       3       org.jboss.logging.Logger::getLogger (20 bytes)
Event: 75.010 Thread 0x00000000186ce000 nmethod 10084 0x0000000004a42710 code [0x0000000004a428c0, 0x0000000004a42d38]
Event: 75.010 Thread 0x00000000186ce000 10085       3       org.apache.logging.log4j.message.ParameterizedMessageFactory::<init> (13 bytes)
Event: 75.010 Thread 0x00000000186ce000 nmethod 10085 0x0000000004a3ac10 code [0x0000000004a3ada0, 0x0000000004a3b078]
Event: 75.014 Thread 0x00000000186ce000 10086       3       org.apache.logging.slf4j.SLF4JLogger::<init> (46 bytes)
Event: 75.016 Thread 0x00000000186ce000 nmethod 10086 0x0000000004a3a110 code [0x0000000004a3a2e0, 0x0000000004a3a8d8]
Event: 75.016 Thread 0x00000000186ce000 10087       3       org.apache.logging.log4j.spi.AbstractLogger::<init> (17 bytes)
Event: 75.016 Thread 0x00000000186ce000 nmethod 10087 0x0000000004a42210 code [0x0000000004a423a0, 0x0000000004a425c8]
Event: 75.016 Thread 0x00000000186ce000 10088       3       org.apache.logging.log4j.spi.LoggerRegistry::putIfAbsent (31 bytes)
Event: 75.017 Thread 0x00000000186ce000 nmethod 10088 0x0000000004a39610 code [0x0000000004a397e0, 0x0000000004a39d48]

GC Heap History (10 events):
Event: 36.634 GC heap before
{Heap before GC invocations=16 (full 3):
 PSYoungGen      total 505344K, used 12068K [0x00000000e0600000, 0x0000000100000000, 0x0000000100000000)
  eden space 493056K, 0% used [0x00000000e0600000,0x00000000e0600000,0x00000000fe780000)
  from space 12288K, 98% used [0x00000000fe780000,0x00000000ff349228,0x00000000ff380000)
  to   space 12800K, 0% used [0x00000000ff380000,0x00000000ff380000,0x0000000100000000)
 ParOldGen       total 61952K, used 19604K [0x00000000a1200000, 0x00000000a4e80000, 0x00000000e0600000)
  object space 61952K, 31% used [0x00000000a1200000,0x00000000a2525028,0x00000000a4e80000)
 Metaspace       used 56213K, capacity 58924K, committed 59160K, reserved 1101824K
  class space    used 6878K, capacity 7353K, committed 7464K, reserved 1048576K
Event: 37.041 GC heap after
Heap after GC invocations=16 (full 3):
 PSYoungGen      total 505344K, used 0K [0x00000000e0600000, 0x0000000100000000, 0x0000000100000000)
  eden space 493056K, 0% used [0x00000000e0600000,0x00000000e0600000,0x00000000fe780000)
  from space 12288K, 0% used [0x00000000fe780000,0x00000000fe780000,0x00000000ff380000)
  to   space 12800K, 0% used [0x00000000ff380000,0x00000000ff380000,0x0000000100000000)
 ParOldGen       total 93696K, used 23940K [0x00000000a1200000, 0x00000000a6d80000, 0x00000000e0600000)
  object space 93696K, 25% used [0x00000000a1200000,0x00000000a2961208,0x00000000a6d80000)
 Metaspace       used 56213K, capacity 58924K, committed 59160K, reserved 1101824K
  class space    used 6878K, capacity 7353K, committed 7464K, reserved 1048576K
}
Event: 50.583 GC heap before
{Heap before GC invocations=17 (full 3):
 PSYoungGen      total 505344K, used 493056K [0x00000000e0600000, 0x0000000100000000, 0x0000000100000000)
  eden space 493056K, 100% used [0x00000000e0600000,0x00000000fe780000,0x00000000fe780000)
  from space 12288K, 0% used [0x00000000fe780000,0x00000000fe780000,0x00000000ff380000)
  to   space 12800K, 0% used [0x00000000ff380000,0x00000000ff380000,0x0000000100000000)
 ParOldGen       total 93696K, used 23940K [0x00000000a1200000, 0x00000000a6d80000, 0x00000000e0600000)
  object space 93696K, 25% used [0x00000000a1200000,0x00000000a2961208,0x00000000a6d80000)
 Metaspace       used 73611K, capacity 77154K, committed 77336K, reserved 1116160K
  class space    used 9135K, capacity 9756K, committed 9768K, reserved 1048576K
Event: 50.780 GC heap after
Heap after GC invocations=17 (full 3):
 PSYoungGen      total 496128K, used 12781K [0x00000000e0600000, 0x0000000100000000, 0x0000000100000000)
  eden space 483328K, 0% used [0x00000000e0600000,0x00000000e0600000,0x00000000fde00000)
  from space 12800K, 99% used [0x00000000ff380000,0x00000000ffffb640,0x0000000100000000)
  to   space 17408K, 0% used [0x00000000fde00000,0x00000000fde00000,0x00000000fef00000)
 ParOldGen       total 93696K, used 29499K [0x00000000a1200000, 0x00000000a6d80000, 0x00000000e0600000)
  object space 93696K, 31% used [0x00000000a1200000,0x00000000a2eced98,0x00000000a6d80000)
 Metaspace       used 73611K, capacity 77154K, committed 77336K, reserved 1116160K
  class space    used 9135K, capacity 9756K, committed 9768K, reserved 1048576K
}
Event: 56.330 GC heap before
{Heap before GC invocations=18 (full 3):
 PSYoungGen      total 496128K, used 496109K [0x00000000e0600000, 0x0000000100000000, 0x0000000100000000)
  eden space 483328K, 100% used [0x00000000e0600000,0x00000000fde00000,0x00000000fde00000)
  from space 12800K, 99% used [0x00000000ff380000,0x00000000ffffb640,0x0000000100000000)
  to   space 17408K, 0% used [0x00000000fde00000,0x00000000fde00000,0x00000000fef00000)
 ParOldGen       total 93696K, used 29499K [0x00000000a1200000, 0x00000000a6d80000, 0x00000000e0600000)
  object space 93696K, 31% used [0x00000000a1200000,0x00000000a2eced98,0x00000000a6d80000)
 Metaspace       used 79094K, capacity 82664K, committed 82840K, reserved 1122304K
  class space    used 9762K, capacity 10343K, committed 10408K, reserved 1048576K
Event: 56.361 GC heap after
Heap after GC invocations=18 (full 3):
 PSYoungGen      total 496128K, used 12566K [0x00000000e0600000, 0x0000000100000000, 0x0000000100000000)
  eden space 483328K, 0% used [0x00000000e0600000,0x00000000e0600000,0x00000000fde00000)
  from space 12800K, 98% used [0x00000000fde00000,0x00000000fea45850,0x00000000fea80000)
  to   space 17920K, 0% used [0x00000000fee80000,0x00000000fee80000,0x0000000100000000)
 ParOldGen       total 93696K, used 29507K [0x00000000a1200000, 0x00000000a6d80000, 0x00000000e0600000)
  object space 93696K, 31% used [0x00000000a1200000,0x00000000a2ed0d98,0x00000000a6d80000)
 Metaspace       used 79094K, capacity 82664K, committed 82840K, reserved 1122304K
  class space    used 9762K, capacity 10343K, committed 10408K, reserved 1048576K
}
Event: 67.748 GC heap before
{Heap before GC invocations=19 (full 3):
 PSYoungGen      total 496128K, used 495894K [0x00000000e0600000, 0x0000000100000000, 0x0000000100000000)
  eden space 483328K, 100% used [0x00000000e0600000,0x00000000fde00000,0x00000000fde00000)
  from space 12800K, 98% used [0x00000000fde00000,0x00000000fea45850,0x00000000fea80000)
  to   space 17920K, 0% used [0x00000000fee80000,0x00000000fee80000,0x0000000100000000)
 ParOldGen       total 93696K, used 29507K [0x00000000a1200000, 0x00000000a6d80000, 0x00000000e0600000)
  object space 93696K, 31% used [0x00000000a1200000,0x00000000a2ed0d98,0x00000000a6d80000)
 Metaspace       used 85312K, capacity 89492K, committed 89752K, reserved 1128448K
  class space    used 10401K, capacity 11083K, committed 11176K, reserved 1048576K
Event: 67.789 GC heap after
Heap after GC invocations=19 (full 3):
 PSYoungGen      total 493056K, used 17896K [0x00000000e0600000, 0x0000000100000000, 0x0000000100000000)
  eden space 475136K, 0% used [0x00000000e0600000,0x00000000e0600000,0x00000000fd600000)
  from space 17920K, 99% used [0x00000000fee80000,0x00000000ffffa068,0x0000000100000000)
  to   space 21504K, 0% used [0x00000000fd600000,0x00000000fd600000,0x00000000feb00000)
 ParOldGen       total 93696K, used 32052K [0x00000000a1200000, 0x00000000a6d80000, 0x00000000e0600000)
  object space 93696K, 34% used [0x00000000a1200000,0x00000000a314d358,0x00000000a6d80000)
 Metaspace       used 85312K, capacity 89492K, committed 89752K, reserved 1128448K
  class space    used 10401K, capacity 11083K, committed 11176K, reserved 1048576K
}
Event: 73.925 GC heap before
{Heap before GC invocations=20 (full 3):
 PSYoungGen      total 493056K, used 493032K [0x00000000e0600000, 0x0000000100000000, 0x0000000100000000)
  eden space 475136K, 100% used [0x00000000e0600000,0x00000000fd600000,0x00000000fd600000)
  from space 17920K, 99% used [0x00000000fee80000,0x00000000ffffa068,0x0000000100000000)
  to   space 21504K, 0% used [0x00000000fd600000,0x00000000fd600000,0x00000000feb00000)
 ParOldGen       total 93696K, used 32052K [0x00000000a1200000, 0x00000000a6d80000, 0x00000000e0600000)
  object space 93696K, 34% used [0x00000000a1200000,0x00000000a314d358,0x00000000a6d80000)
 Metaspace       used 85984K, capacity 90236K, committed 90520K, reserved 1128448K
  class space    used 10456K, capacity 11133K, committed 11176K, reserved 1048576K
Event: 74.050 GC heap after
Heap after GC invocations=20 (full 3):
 PSYoungGen      total 496128K, used 20724K [0x00000000e0600000, 0x0000000100000000, 0x0000000100000000)
  eden space 475136K, 0% used [0x00000000e0600000,0x00000000e0600000,0x00000000fd600000)
  from space 20992K, 98% used [0x00000000fd600000,0x00000000fea3d348,0x00000000fea80000)
  to   space 22016K, 0% used [0x00000000fea80000,0x00000000fea80000,0x0000000100000000)
 ParOldGen       total 93696K, used 36913K [0x00000000a1200000, 0x00000000a6d80000, 0x00000000e0600000)
  object space 93696K, 39% used [0x00000000a1200000,0x00000000a360c4d8,0x00000000a6d80000)
 Metaspace       used 85984K, capacity 90236K, committed 90520K, reserved 1128448K
  class space    used 10456K, capacity 11133K, committed 11176K, reserved 1048576K
}

Deoptimization events (10 events):
Event: 66.953 Thread 0x0000000002f02800 Uncommon trap: reason=bimorphic action=maybe_recompile pc=0x000000000339da88 method=java.util.regex.Matcher.match(II)Z @ 86
Event: 69.344 Thread 0x0000000002f02800 Uncommon trap: reason=class_check action=maybe_recompile pc=0x00000000047a6a1c method=net.bytebuddy.description.type.TypeDefinition$Sort.describe(Ljava/lang/reflect/Type;Lnet/bytebuddy/description/type/TypeDescription$Generic$AnnotationReader;)Lnet/bytebu
Event: 69.357 Thread 0x0000000002f02800 Uncommon trap: reason=class_check action=maybe_recompile pc=0x00000000047a6a1c method=net.bytebuddy.description.type.TypeDefinition$Sort.describe(Ljava/lang/reflect/Type;Lnet/bytebuddy/description/type/TypeDescription$Generic$AnnotationReader;)Lnet/bytebu
Event: 69.357 Thread 0x0000000002f02800 Uncommon trap: reason=class_check action=maybe_recompile pc=0x00000000047a6a1c method=net.bytebuddy.description.type.TypeDefinition$Sort.describe(Ljava/lang/reflect/Type;Lnet/bytebuddy/description/type/TypeDescription$Generic$AnnotationReader;)Lnet/bytebu
Event: 69.357 Thread 0x0000000002f02800 Uncommon trap: reason=class_check action=maybe_recompile pc=0x00000000047a6a1c method=net.bytebuddy.description.type.TypeDefinition$Sort.describe(Ljava/lang/reflect/Type;Lnet/bytebuddy/description/type/TypeDescription$Generic$AnnotationReader;)Lnet/bytebu
Event: 69.904 Thread 0x0000000002f02800 Uncommon trap: reason=null_check action=make_not_entrant pc=0x0000000004dcd838 method=java.beans.PropertyDescriptor.findPropertyType(Ljava/lang/reflect/Method;Ljava/lang/reflect/Method;)Ljava/lang/Class; @ 157
Event: 72.827 Thread 0x0000000002f02800 Uncommon trap: reason=class_check action=maybe_recompile pc=0x00000000031885cc method=org.springframework.core.ResolvableType.resolveType()Lorg/springframework/core/ResolvableType; @ 210
Event: 74.076 Thread 0x0000000002f02800 Uncommon trap: reason=unstable_if action=reinterpret pc=0x0000000003f58fdc method=java.lang.reflect.Proxy.isProxyClass(Ljava/lang/Class;)Z @ 16
Event: 74.924 Thread 0x0000000002f02800 Uncommon trap: reason=class_check action=maybe_recompile pc=0x00000000031885cc method=org.springframework.core.ResolvableType.resolveType()Lorg/springframework/core/ResolvableType; @ 210
Event: 74.924 Thread 0x0000000002f02800 Uncommon trap: reason=class_check action=maybe_recompile pc=0x000000000398e160 method=org.springframework.core.ResolvableType.resolveType()Lorg/springframework/core/ResolvableType; @ 210

Classes redefined (0 events):
No events

Internal exceptions (10 events):
Event: 74.134 Thread 0x0000000002f02800 Exception <a 'java/lang/ClassNotFoundException': java/lang/ObjectCustomizer> (0x00000000e10d3c28) thrown at [C:\re\workspace\8-2-build-windows-amd64-cygwin\jdk8u231\13620\hotspot\src\share\vm\classfile\systemDictionary.cpp, line 210]
Event: 74.135 Thread 0x0000000002f02800 Exception <a 'java/lang/ClassNotFoundException': com/example/restdemo2/domain/PersonCustomizer> (0x00000000e10f8b40) thrown at [C:\re\workspace\8-2-build-windows-amd64-cygwin\jdk8u231\13620\hotspot\src\share\vm\classfile\systemDictionary.cpp, line 210]
Event: 74.173 Thread 0x0000000002f02800 Exception <a 'java/lang/ClassNotFoundException': java/lang/ObjectCustomizer> (0x00000000e1159840) thrown at [C:\re\workspace\8-2-build-windows-amd64-cygwin\jdk8u231\13620\hotspot\src\share\vm\classfile\systemDictionary.cpp, line 210]
Event: 74.174 Thread 0x0000000002f02800 Exception <a 'java/lang/ClassNotFoundException': com/example/restdemo2/domain/TaskCustomizer> (0x00000000e117dd38) thrown at [C:\re\workspace\8-2-build-windows-amd64-cygwin\jdk8u231\13620\hotspot\src\share\vm\classfile\systemDictionary.cpp, line 210]
Event: 74.283 Thread 0x0000000002f02800 Exception <a 'java/lang/ClassNotFoundException': java/lang/ObjectCustomizer> (0x00000000e15e3c00) thrown at [C:\re\workspace\8-2-build-windows-amd64-cygwin\jdk8u231\13620\hotspot\src\share\vm\classfile\systemDictionary.cpp, line 210]
Event: 74.285 Thread 0x0000000002f02800 Exception <a 'java/lang/ClassNotFoundException': com/example/restdemo2/service/TaskServiceTestCustomizer> (0x00000000e160c8c0) thrown at [C:\re\workspace\8-2-build-windows-amd64-cygwin\jdk8u231\13620\hotspot\src\share\vm\classfile\systemDictionary.cpp, li
Event: 74.563 Thread 0x0000000002f02800 Exception <a 'java/lang/ClassNotFoundException': java/lang/ObjectCustomizer> (0x00000000e1e0dec8) thrown at [C:\re\workspace\8-2-build-windows-amd64-cygwin\jdk8u231\13620\hotspot\src\share\vm\classfile\systemDictionary.cpp, line 210]
Event: 74.567 Thread 0x0000000002f02800 Exception <a 'java/lang/ClassNotFoundException': com/example/restdemo2/repository/PersonRepositoryTestCustomizer> (0x00000000e1e6ae48) thrown at [C:\re\workspace\8-2-build-windows-amd64-cygwin\jdk8u231\13620\hotspot\src\share\vm\classfile\systemDictionary
Event: 74.791 Thread 0x0000000002f02800 Exception <a 'java/lang/ClassNotFoundException': java/lang/ObjectCustomizer> (0x00000000e1f8de20) thrown at [C:\re\workspace\8-2-build-windows-amd64-cygwin\jdk8u231\13620\hotspot\src\share\vm\classfile\systemDictionary.cpp, line 210]
Event: 74.793 Thread 0x0000000002f02800 Exception <a 'java/lang/ClassNotFoundException': com/example/restdemo2/domain/PersonCustomizer> (0x00000000e1fb2d38) thrown at [C:\re\workspace\8-2-build-windows-amd64-cygwin\jdk8u231\13620\hotspot\src\share\vm\classfile\systemDictionary.cpp, line 210]

Events (10 events):
Event: 75.032 loading class org/hibernate/hql/spi/FilterTranslator
Event: 75.032 loading class org/hibernate/hql/spi/FilterTranslator done
Event: 75.033 loading class org/hibernate/internal/CoreMessageLogger_$logger_en_US
Event: 75.033 loading class org/hibernate/internal/CoreMessageLogger_$logger_en_US done
Event: 75.034 loading class org/hibernate/internal/CoreMessageLogger_$logger_en
Event: 75.034 loading class org/hibernate/internal/CoreMessageLogger_$logger_en done
Event: 75.035 loading class org/hibernate/engine/query/spi/EntityGraphQueryHint
Event: 75.035 loading class org/hibernate/engine/query/spi/EntityGraphQueryHint done
Event: 75.037 loading class org/hibernate/hql/internal/ast/QueryTranslatorImpl
Event: 75.037 loading class org/hibernate/hql/internal/ast/QueryTranslatorImpl done


Dynamic libraries:
0x00007ff77bab0000 - 0x00007ff77bae7000 	C:\Program Files\Java\jdk1.8.0_231\jre\bin\java.exe
0x00007ffdfb460000 - 0x00007ffdfb650000 	C:\Windows\SYSTEM32\ntdll.dll
0x00007ffdfa4e0000 - 0x00007ffdfa592000 	C:\Windows\System32\KERNEL32.DLL
0x00007ffdf8df0000 - 0x00007ffdf9094000 	C:\Windows\System32\KERNELBASE.dll
0x00007ffdfaad0000 - 0x00007ffdfab73000 	C:\Windows\System32\ADVAPI32.dll
0x00007ffdfaa30000 - 0x00007ffdfaace000 	C:\Windows\System32\msvcrt.dll
0x00007ffdfa440000 - 0x00007ffdfa4d7000 	C:\Windows\System32\sechost.dll
0x00007ffdfa5a0000 - 0x00007ffdfa6c0000 	C:\Windows\System32\RPCRT4.dll
0x00007ffdfab80000 - 0x00007ffdfad14000 	C:\Windows\System32\USER32.dll
0x00007ffdf9290000 - 0x00007ffdf92b1000 	C:\Windows\System32\win32u.dll
0x00007ffdfa130000 - 0x00007ffdfa156000 	C:\Windows\System32\GDI32.dll
0x00007ffdf90a0000 - 0x00007ffdf9235000 	C:\Windows\System32\gdi32full.dll
0x00007ffdf8d50000 - 0x00007ffdf8dee000 	C:\Windows\System32\msvcp_win.dll
0x00007ffdf8420000 - 0x00007ffdf851a000 	C:\Windows\System32\ucrtbase.dll
0x00007ffde98b0000 - 0x00007ffde9b34000 	C:\Windows\WinSxS\amd64_microsoft.windows.common-controls_6595b64144ccf1df_6.0.18362.900_none_e6beb9d913147d17\COMCTL32.dll
0x00007ffdf9640000 - 0x00007ffdf9975000 	C:\Windows\System32\combase.dll
0x00007ffdf92e0000 - 0x00007ffdf9360000 	C:\Windows\System32\bcryptPrimitives.dll
0x00007ffdfaa00000 - 0x00007ffdfaa2e000 	C:\Windows\System32\IMM32.DLL
0x000000006a8f0000 - 0x000000006a9c2000 	C:\Program Files\Java\jdk1.8.0_231\jre\bin\msvcr100.dll
0x0000000068170000 - 0x0000000068a16000 	C:\Program Files\Java\jdk1.8.0_231\jre\bin\server\jvm.dll
0x00007ffdfa3c0000 - 0x00007ffdfa3c8000 	C:\Windows\System32\PSAPI.DLL
0x00007ffdf1250000 - 0x00007ffdf1259000 	C:\Windows\SYSTEM32\WSOCK32.dll
0x00007ffdf4fd0000 - 0x00007ffdf4ff4000 	C:\Windows\SYSTEM32\WINMM.dll
0x00007ffdfa3d0000 - 0x00007ffdfa43f000 	C:\Windows\System32\WS2_32.dll
0x00007ffdeade0000 - 0x00007ffdeadea000 	C:\Windows\SYSTEM32\VERSION.dll
0x00007ffdf4fa0000 - 0x00007ffdf4fcd000 	C:\Windows\SYSTEM32\winmmbase.dll
0x00007ffdf9240000 - 0x00007ffdf928a000 	C:\Windows\System32\cfgmgr32.dll
0x00007ffdf50b0000 - 0x00007ffdf50bf000 	C:\Program Files\Java\jdk1.8.0_231\jre\bin\verify.dll
0x00007ffdeb730000 - 0x00007ffdeb759000 	C:\Program Files\Java\jdk1.8.0_231\jre\bin\java.dll
0x00007ffdf1200000 - 0x00007ffdf1223000 	C:\Program Files\Java\jdk1.8.0_231\jre\bin\instrument.dll
0x00007ffdf1260000 - 0x00007ffdf1276000 	C:\Program Files\Java\jdk1.8.0_231\jre\bin\zip.dll
0x00007ffdf9980000 - 0x00007ffdfa066000 	C:\Windows\System32\SHELL32.dll
0x00007ffdfa160000 - 0x00007ffdfa209000 	C:\Windows\System32\shcore.dll
0x00007ffdf85d0000 - 0x00007ffdf8d50000 	C:\Windows\System32\windows.storage.dll
0x00007ffdf83c0000 - 0x00007ffdf83e3000 	C:\Windows\System32\profapi.dll
0x00007ffdf8350000 - 0x00007ffdf839a000 	C:\Windows\System32\powrprof.dll
0x00007ffdf8320000 - 0x00007ffdf8330000 	C:\Windows\System32\UMPDC.dll
0x00007ffdfa0d0000 - 0x00007ffdfa122000 	C:\Windows\System32\shlwapi.dll
0x00007ffdf8330000 - 0x00007ffdf8341000 	C:\Windows\System32\kernel.appcore.dll
0x00007ffdf92c0000 - 0x00007ffdf92d7000 	C:\Windows\System32\cryptsp.dll
0x00007ffdeb710000 - 0x00007ffdeb72a000 	C:\Program Files\Java\jdk1.8.0_231\jre\bin\net.dll
0x00007ffdf7b90000 - 0x00007ffdf7bf7000 	C:\Windows\system32\mswsock.dll
0x00007ffde6230000 - 0x00007ffde6246000 	C:\Windows\system32\napinsp.dll
0x00007ffde44f0000 - 0x00007ffde450a000 	C:\Windows\system32\pnrpnsp.dll
0x00007ffdf78e0000 - 0x00007ffdf79ab000 	C:\Windows\SYSTEM32\DNSAPI.dll
0x00007ffdf95c0000 - 0x00007ffdf95c8000 	C:\Windows\System32\NSI.dll
0x00007ffdf78a0000 - 0x00007ffdf78da000 	C:\Windows\SYSTEM32\IPHLPAPI.DLL
0x00007ffddb980000 - 0x00007ffddb98e000 	C:\Windows\System32\winrnr.dll
0x00007ffdf4e40000 - 0x00007ffdf4e5c000 	C:\Windows\system32\NLAapi.dll
0x00007ffdf3eb0000 - 0x00007ffdf3ec5000 	C:\Windows\system32\wshbth.dll
0x00007ffde88a0000 - 0x00007ffde88aa000 	C:\Windows\System32\rasadhlp.dll
0x00007ffdebe30000 - 0x00007ffdebea7000 	C:\Windows\System32\fwpuclnt.dll
0x00007ffdf83f0000 - 0x00007ffdf8416000 	C:\Windows\System32\bcrypt.dll
0x00007ffdd2b80000 - 0x00007ffdd2b92000 	C:\Program Files\Java\jdk1.8.0_231\jre\bin\nio.dll
0x00007ffdf1d70000 - 0x00007ffdf1d7d000 	C:\Program Files\Java\jdk1.8.0_231\jre\bin\management.dll
0x00007ffdf7700000 - 0x00007ffdf7733000 	C:\Windows\system32\rsaenh.dll
0x00007ffdf8210000 - 0x00007ffdf8235000 	C:\Windows\SYSTEM32\USERENV.dll
0x00007ffdf7d60000 - 0x00007ffdf7d6c000 	C:\Windows\SYSTEM32\CRYPTBASE.dll
0x00007ffdec0f0000 - 0x00007ffdec106000 	C:\Windows\SYSTEM32\dhcpcsvc6.DLL
0x00007ffdec800000 - 0x00007ffdec81c000 	C:\Windows\SYSTEM32\dhcpcsvc.DLL

VM Arguments:
jvm_args: -javaagent:C:\\Users\\This MC\\.m2\\repository\\org\\jacoco\\org.jacoco.agent\\0.8.5\\org.jacoco.agent-0.8.5-runtime.jar=destfile=D:\\New folder\\rest-server\\target\\jacoco.exec 
java_command: C:\Users\THISMC~1\AppData\Local\Temp\surefire6478634738282545851\surefirebooter7175674959028417272.jar C:\Users\This MC\AppData\Local\Temp\surefire6478634738282545851 2020-07-10T14-55-59_883-jvmRun1 surefire8795101200415121278tmp surefire_08308295812294539463tmp
java_class_path (initial): C:\Users\THISMC~1\AppData\Local\Temp\surefire6478634738282545851\surefirebooter7175674959028417272.jar;C:\\Users\\This MC\\.m2\\repository\\org\\jacoco\\org.jacoco.agent\\0.8.5\\org.jacoco.agent-0.8.5-runtime.jar
Launcher Type: SUN_STANDARD

Environment Variables:
JAVA_HOME=C:\Program Files\Java\jdk-13.0.2
PATH=C:\Program Files (x86)\Common Files\Oracle\Java\javapath;C:\Windows\system32;C:\Windows;C:\Windows\System32\Wbem;C:\Windows\System32\WindowsPowerShell\v1.0\;C:\Windows\System32\OpenSSH\;C:\Program Files\Microsoft SQL Server\120\DTS\Binn\;C:\Program Files\Microsoft SQL Server\Client SDK\ODBC\110\Tools\Binn\;C:\Program Files (x86)\Microsoft SQL Server\120\Tools\Binn\;C:\Program Files\Microsoft SQL Server\120\Tools\Binn\;C:\Program Files (x86)\Microsoft SQL Server\120\Tools\Binn\ManagementStudio\;C:\Program Files (x86)\Microsoft SQL Server\120\DTS\Binn\;C:\Program Files\Microsoft SQL Server\130\Tools\Binn\;C:\Program Files\Git\cmd;C:\Program Files\Java\jdk-13.0.2\bin;C:\Program Files\nodejs\;C:\Program Files\MySQL\MySQL Shell 8.0\bin\;C:\Users\This MC\AppData\Roaming\npm
USERNAME=This MC
OS=Windows_NT
PROCESSOR_IDENTIFIER=Intel64 Family 6 Model 69 Stepping 1, GenuineIntel



---------------  S Y S T E M  ---------------

OS: Windows 10.0 , 64 bit Build 18362 (10.0.18362.900)

CPU:total 4 (initial active 4) (2 cores per cpu, 2 threads per core) family 6 model 69 stepping 1, cmov, cx8, fxsr, mmx, sse, sse2, sse3, ssse3, sse4.1, sse4.2, popcnt, avx, avx2, aes, clmul, erms, lzcnt, ht, tsc, tscinvbit, bmi1, bmi2

Memory: 4k page, physical 6209868k(274604k free), swap 13589192k(5868k free)

vm_info: Java HotSpot(TM) 64-Bit Server VM (25.231-b11) for windows-amd64 JRE (1.8.0_231-b11), built on Oct  5 2019 03:11:30 by "java_re" with MS VC++ 10.0 (VS2010)

time: Fri Jul 10 14:57:17 2020
timezone: SE Asia Standard Time
elapsed time: 75 seconds (0d 0h 1m 15s)

