#
# There is insufficient memory for the Java Runtime Environment to continue.
# Native memory allocation (malloc) failed to allocate 953536 bytes for Chunk::new
# Possible reasons:
#   The system is out of physical RAM or swap space
#   The process is running with CompressedOops enabled, and the Java Heap may be blocking the growth of the native heap
# Possible solutions:
#   Reduce memory load on the system
#   Increase physical memory or swap space
#   Check if swap backing store is full
#   Decrease Java heap size (-Xmx/-Xms)
#   Decrease number of Java threads
#   Decrease Java thread stack sizes (-Xss)
#   Set larger code cache with -XX:ReservedCodeCacheSize=
#   JVM is running with Unscaled Compressed Oops mode in which the Java heap is
#     placed in the first 4GB address space. The Java Heap base address is the
#     maximum limit for the native heap growth. Please use -XX:HeapBaseMinAddress
#     to set the Java Heap base and to place the Java Heap above 4GB virtual address.
# This output file may be truncated or incomplete.
#
#  Out of Memory Error (allocation.cpp:389), pid=15728, tid=0x0000000000005538
#
# JRE version: Java(TM) SE Runtime Environment (8.0_231-b11) (build 1.8.0_231-b11)
# Java VM: Java HotSpot(TM) 64-Bit Server VM (25.231-b11 mixed mode windows-amd64 compressed oops)
# Failed to write core dump. Minidumps are not enabled by default on client versions of Windows
#

---------------  T H R E A D  ---------------

Current thread (0x0000000018bc4000):  JavaThread "C2 CompilerThread0" daemon [_thread_in_native, id=21816, stack(0x0000000019300000,0x0000000019400000)]

Stack: [0x0000000019300000,0x0000000019400000]
[error occurred during error reporting (printing stack bounds), id 0xc0000005]

Native frames: (J=compiled Java code, j=interpreted, Vv=VM code, C=native code)


Current CompileTask:
C2:  71402 8356       4       java.beans.Introspector::getTargetEventInfo (1082 bytes)


---------------  P R O C E S S  ---------------

Java Threads: ( => current thread )
  0x000000001b949800 JavaThread "HikariPool-1 housekeeper" daemon [_thread_new, id=8312, stack(0x0000000000000000,0x0000000000000000)]
  0x000000001b94e800 JavaThread "task-1" [_thread_in_Java, id=3148, stack(0x0000000001580000,0x0000000001680000)]
  0x000000001b94c800 JavaThread "mysql-cj-abandoned-connection-cleanup" daemon [_thread_blocked, id=19572, stack(0x00000000206e0000,0x00000000207e0000)]
  0x0000000019cb0800 JavaThread "surefire-forkedjvm-ping-30s" daemon [_thread_blocked, id=11256, stack(0x000000001a8d0000,0x000000001a9d0000)]
  0x0000000018f1a000 JavaThread "surefire-forkedjvm-command-thread" daemon [_thread_in_native, id=21864, stack(0x000000001a7d0000,0x000000001a8d0000)]
  0x0000000018b8b000 JavaThread "Service Thread" daemon [_thread_blocked, id=18300, stack(0x0000000019600000,0x0000000019700000)]
  0x0000000018c00800 JavaThread "C1 CompilerThread2" daemon [_thread_blocked, id=4292, stack(0x0000000019500000,0x0000000019600000)]
  0x0000000018bc4800 JavaThread "C2 CompilerThread1" daemon [_thread_in_native, id=18268, stack(0x0000000019400000,0x0000000019500000)]
=>0x0000000018bc4000 JavaThread "C2 CompilerThread0" daemon [_thread_in_native, id=21816, stack(0x0000000019300000,0x0000000019400000)]
  0x0000000016d5f800 JavaThread "Attach Listener" daemon [_thread_blocked, id=23544, stack(0x00000000182c0000,0x00000000183c0000)]
  0x0000000016d5e000 JavaThread "Signal Dispatcher" daemon [_thread_blocked, id=17988, stack(0x00000000181c0000,0x00000000182c0000)]
  0x000000000348e000 JavaThread "Finalizer" daemon [_thread_blocked, id=21316, stack(0x0000000017fc0000,0x00000000180c0000)]
  0x0000000016d49800 JavaThread "Reference Handler" daemon [_thread_blocked, id=16564, stack(0x0000000017ec0000,0x0000000017fc0000)]
  0x0000000003392800 JavaThread "main" [_thread_in_vm, id=20580, stack(0x0000000003070000,0x0000000003170000)]

Other Threads:
  0x0000000016d28000 VMThread [stack: 0x0000000017dc0000,0x0000000017ec0000] [id=23828]
  0x0000000018b7a000 WatcherThread [stack: 0x0000000019700000,0x0000000019800000] [id=22620]

VM state:not at safepoint (normal execution)

VM Mutex/Monitor currently owned by a thread: None

heap address: 0x00000000a1200000, size: 1518 MB, Compressed Oops mode: 32-bit
Narrow klass base: 0x0000000000000000, Narrow klass shift: 3
Compressed class space size: 1073741824 Address: 0x0000000100000000

Heap:
 PSYoungGen      total 466432K, used 330722K [0x00000000e0600000, 0x0000000100000000, 0x0000000100000000)
  eden space 454144K, 71% used [0x00000000e0600000,0x00000000f428b960,0x00000000fc180000)
  from space 12288K, 53% used [0x00000000fc180000,0x00000000fc7ed030,0x00000000fcd80000)
  to   space 11776K, 0% used [0x00000000ff480000,0x00000000ff480000,0x0000000100000000)
 ParOldGen       total 100352K, used 31185K [0x00000000a1200000, 0x00000000a7400000, 0x00000000e0600000)
  object space 100352K, 31% used [0x00000000a1200000,0x00000000a3074718,0x00000000a7400000)
 Metaspace       used 82426K, capacity 86252K, committed 86552K, reserved 1124352K
  class space    used 10097K, capacity 10723K, committed 10792K, reserved 1048576K

Card table byte_map: [0x0000000012850000,0x0000000012b50000] byte_map_base: 0x0000000012347000

Marking Bits: (ParMarkBitMap*) 0x0000000068996d90
 Begin Bits: [0x0000000013150000, 0x0000000014908000)
 End Bits:   [0x0000000014908000, 0x00000000160c0000)

Polling page: 0x0000000001120000

CodeCache: size=245760Kb used=26857Kb max_used=26857Kb free=218903Kb
 bounds [0x0000000003490000, 0x0000000004ef0000, 0x0000000012490000]
 total_blobs=7597 nmethods=6986 adapters=522
 compilation: enabled

Compilation events (10 events):
Event: 71.365 Thread 0x0000000018c00800 8460   !   3       java.lang.StringCoding::decode (120 bytes)
Event: 71.368 Thread 0x0000000018c00800 nmethod 8460 0x0000000004ee2510 code [0x0000000004ee2860, 0x0000000004ee4318]
Event: 71.368 Thread 0x0000000018c00800 8462       3       java.nio.charset.Charset::lookup (44 bytes)
Event: 71.369 Thread 0x0000000018c00800 nmethod 8462 0x0000000004ee5290 code [0x0000000004ee5440, 0x0000000004ee5928]
Event: 71.370 Thread 0x0000000018c00800 8463       3       com.mysql.cj.protocol.a.NativeProtocol::$jacocoInit (54 bytes)
Event: 71.371 Thread 0x0000000018c00800 nmethod 8463 0x0000000004ee5b10 code [0x0000000004ee5ce0, 0x0000000004ee66b8]
Event: 71.381 Thread 0x0000000018c00800 8464       3       java.util.TreeMap::put (247 bytes)
Event: 71.384 Thread 0x0000000018c00800 nmethod 8464 0x0000000004ee69d0 code [0x0000000004ee6c40, 0x0000000004ee7e18]
Event: 71.394 Thread 0x0000000018c00800 8465       3       com.mysql.cj.protocol.ReadAheadInputStream::$jacocoInit (52 bytes)
Event: 71.395 Thread 0x0000000018c00800 nmethod 8465 0x0000000004ee8550 code [0x0000000004ee8720, 0x0000000004ee8f98]

GC Heap History (10 events):
Event: 38.961 GC heap before
{Heap before GC invocations=20 (full 2):
 PSYoungGen      total 330240K, used 323919K [0x00000000e0600000, 0x00000000f9180000, 0x0000000100000000)
  eden space 321024K, 100% used [0x00000000e0600000,0x00000000f3f80000,0x00000000f3f80000)
  from space 9216K, 31% used [0x00000000f3f80000,0x00000000f4253db8,0x00000000f4880000)
  to   space 9216K, 0% used [0x00000000f8880000,0x00000000f8880000,0x00000000f9180000)
 ParOldGen       total 64512K, used 21971K [0x00000000a1200000, 0x00000000a5100000, 0x00000000e0600000)
  object space 64512K, 34% used [0x00000000a1200000,0x00000000a2774c10,0x00000000a5100000)
 Metaspace       used 50298K, capacity 52820K, committed 52904K, reserved 1095680K
  class space    used 6279K, capacity 6741K, committed 6824K, reserved 1048576K
Event: 38.990 GC heap after
Heap after GC invocations=20 (full 2):
 PSYoungGen      total 392704K, used 4855K [0x00000000e0600000, 0x00000000f9000000, 0x0000000100000000)
  eden space 385024K, 0% used [0x00000000e0600000,0x00000000e0600000,0x00000000f7e00000)
  from space 7680K, 63% used [0x00000000f8880000,0x00000000f8d3df80,0x00000000f9000000)
  to   space 9216K, 0% used [0x00000000f7e00000,0x00000000f7e00000,0x00000000f8700000)
 ParOldGen       total 64512K, used 23147K [0x00000000a1200000, 0x00000000a5100000, 0x00000000e0600000)
  object space 64512K, 35% used [0x00000000a1200000,0x00000000a289ac20,0x00000000a5100000)
 Metaspace       used 50298K, capacity 52820K, committed 52904K, reserved 1095680K
  class space    used 6279K, capacity 6741K, committed 6824K, reserved 1048576K
}
Event: 42.867 GC heap before
{Heap before GC invocations=21 (full 2):
 PSYoungGen      total 392704K, used 256085K [0x00000000e0600000, 0x00000000f9000000, 0x0000000100000000)
  eden space 385024K, 65% used [0x00000000e0600000,0x00000000efb574f0,0x00000000f7e00000)
  from space 7680K, 63% used [0x00000000f8880000,0x00000000f8d3df80,0x00000000f9000000)
  to   space 9216K, 0% used [0x00000000f7e00000,0x00000000f7e00000,0x00000000f8700000)
 ParOldGen       total 64512K, used 23147K [0x00000000a1200000, 0x00000000a5100000, 0x00000000e0600000)
  object space 64512K, 35% used [0x00000000a1200000,0x00000000a289ac20,0x00000000a5100000)
 Metaspace       used 56184K, capacity 58924K, committed 59160K, reserved 1101824K
  class space    used 6887K, capacity 7363K, committed 7464K, reserved 1048576K
Event: 42.906 GC heap after
Heap after GC invocations=21 (full 2):
 PSYoungGen      total 394240K, used 7083K [0x00000000e0600000, 0x00000000fd980000, 0x0000000100000000)
  eden space 385024K, 0% used [0x00000000e0600000,0x00000000e0600000,0x00000000f7e00000)
  from space 9216K, 76% used [0x00000000f7e00000,0x00000000f84eafb8,0x00000000f8700000)
  to   space 9728K, 0% used [0x00000000fd000000,0x00000000fd000000,0x00000000fd980000)
 ParOldGen       total 64512K, used 25235K [0x00000000a1200000, 0x00000000a5100000, 0x00000000e0600000)
  object space 64512K, 39% used [0x00000000a1200000,0x00000000a2aa4c90,0x00000000a5100000)
 Metaspace       used 56184K, capacity 58924K, committed 59160K, reserved 1101824K
  class space    used 6887K, capacity 7363K, committed 7464K, reserved 1048576K
}
Event: 42.906 GC heap before
{Heap before GC invocations=22 (full 3):
 PSYoungGen      total 394240K, used 7083K [0x00000000e0600000, 0x00000000fd980000, 0x0000000100000000)
  eden space 385024K, 0% used [0x00000000e0600000,0x00000000e0600000,0x00000000f7e00000)
  from space 9216K, 76% used [0x00000000f7e00000,0x00000000f84eafb8,0x00000000f8700000)
  to   space 9728K, 0% used [0x00000000fd000000,0x00000000fd000000,0x00000000fd980000)
 ParOldGen       total 64512K, used 25235K [0x00000000a1200000, 0x00000000a5100000, 0x00000000e0600000)
  object space 64512K, 39% used [0x00000000a1200000,0x00000000a2aa4c90,0x00000000a5100000)
 Metaspace       used 56184K, capacity 58924K, committed 59160K, reserved 1101824K
  class space    used 6887K, capacity 7363K, committed 7464K, reserved 1048576K
Event: 44.021 GC heap after
Heap after GC invocations=22 (full 3):
 PSYoungGen      total 394240K, used 0K [0x00000000e0600000, 0x00000000fd980000, 0x0000000100000000)
  eden space 385024K, 0% used [0x00000000e0600000,0x00000000e0600000,0x00000000f7e00000)
  from space 9216K, 0% used [0x00000000f7e00000,0x00000000f7e00000,0x00000000f8700000)
  to   space 9728K, 0% used [0x00000000fd000000,0x00000000fd000000,0x00000000fd980000)
 ParOldGen       total 100352K, used 23792K [0x00000000a1200000, 0x00000000a7400000, 0x00000000e0600000)
  object space 100352K, 23% used [0x00000000a1200000,0x00000000a293c1d8,0x00000000a7400000)
 Metaspace       used 56184K, capacity 58924K, committed 59160K, reserved 1101824K
  class space    used 6887K, capacity 7363K, committed 7464K, reserved 1048576K
}
Event: 56.995 GC heap before
{Heap before GC invocations=23 (full 3):
 PSYoungGen      total 394240K, used 385024K [0x00000000e0600000, 0x00000000fd980000, 0x0000000100000000)
  eden space 385024K, 100% used [0x00000000e0600000,0x00000000f7e00000,0x00000000f7e00000)
  from space 9216K, 0% used [0x00000000f7e00000,0x00000000f7e00000,0x00000000f8700000)
  to   space 9728K, 0% used [0x00000000fd000000,0x00000000fd000000,0x00000000fd980000)
 ParOldGen       total 100352K, used 23792K [0x00000000a1200000, 0x00000000a7400000, 0x00000000e0600000)
  object space 100352K, 23% used [0x00000000a1200000,0x00000000a293c1d8,0x00000000a7400000)
 Metaspace       used 69967K, capacity 73132K, committed 73240K, reserved 1114112K
  class space    used 8622K, capacity 9155K, committed 9256K, reserved 1048576K
Event: 57.437 GC heap after
Heap after GC invocations=23 (full 3):
 PSYoungGen      total 460800K, used 9714K [0x00000000e0600000, 0x00000000fd980000, 0x0000000100000000)
  eden space 451072K, 0% used [0x00000000e0600000,0x00000000e0600000,0x00000000fbe80000)
  from space 9728K, 99% used [0x00000000fd000000,0x00000000fd97ca00,0x00000000fd980000)
  to   space 12288K, 0% used [0x00000000fc180000,0x00000000fc180000,0x00000000fcd80000)
 ParOldGen       total 100352K, used 27288K [0x00000000a1200000, 0x00000000a7400000, 0x00000000e0600000)
  object space 100352K, 27% used [0x00000000a1200000,0x00000000a2ca63e0,0x00000000a7400000)
 Metaspace       used 69967K, capacity 73132K, committed 73240K, reserved 1114112K
  class space    used 8622K, capacity 9155K, committed 9256K, reserved 1048576K
}
Event: 63.599 GC heap before
{Heap before GC invocations=24 (full 3):
 PSYoungGen      total 460800K, used 460786K [0x00000000e0600000, 0x00000000fd980000, 0x0000000100000000)
  eden space 451072K, 100% used [0x00000000e0600000,0x00000000fbe80000,0x00000000fbe80000)
  from space 9728K, 99% used [0x00000000fd000000,0x00000000fd97ca00,0x00000000fd980000)
  to   space 12288K, 0% used [0x00000000fc180000,0x00000000fc180000,0x00000000fcd80000)
 ParOldGen       total 100352K, used 27288K [0x00000000a1200000, 0x00000000a7400000, 0x00000000e0600000)
  object space 100352K, 27% used [0x00000000a1200000,0x00000000a2ca63e0,0x00000000a7400000)
 Metaspace       used 73926K, capacity 77504K, committed 77720K, reserved 1118208K
  class space    used 9168K, capacity 9769K, committed 9896K, reserved 1048576K
Event: 63.631 GC heap after
Heap after GC invocations=24 (full 3):
 PSYoungGen      total 466432K, used 6580K [0x00000000e0600000, 0x0000000100000000, 0x0000000100000000)
  eden space 454144K, 0% used [0x00000000e0600000,0x00000000e0600000,0x00000000fc180000)
  from space 12288K, 53% used [0x00000000fc180000,0x00000000fc7ed030,0x00000000fcd80000)
  to   space 11776K, 0% used [0x00000000ff480000,0x00000000ff480000,0x0000000100000000)
 ParOldGen       total 100352K, used 31185K [0x00000000a1200000, 0x00000000a7400000, 0x00000000e0600000)
  object space 100352K, 31% used [0x00000000a1200000,0x00000000a3074718,0x00000000a7400000)
 Metaspace       used 73926K, capacity 77504K, committed 77720K, reserved 1118208K
  class space    used 9168K, capacity 9769K, committed 9896K, reserved 1048576K
}

Deoptimization events (10 events):
Event: 68.250 Thread 0x000000001b94e800 Uncommon trap: reason=bimorphic action=maybe_recompile pc=0x0000000003acebb8 method=org.jacoco.agent.rt.internal_43f5073.asm.tree.FrameNode.accept(Lorg/jacoco/agent/rt/internal_43f5073/asm/MethodVisitor;)V @ 81
Event: 68.284 Thread 0x000000001b94e800 Uncommon trap: reason=unstable_if action=reinterpret pc=0x0000000004670524 method=java.util.Properties.loadConvert([CII[C)Ljava/lang/String; @ 445
Event: 68.290 Thread 0x000000001b94e800 Uncommon trap: reason=unstable_if action=reinterpret pc=0x0000000004669b74 method=java.util.Properties.load0(Ljava/util/Properties$LineReader;)V @ 161
Event: 70.405 Thread 0x0000000003392800 Uncommon trap: reason=unstable_if action=reinterpret pc=0x0000000003d5a308 method=java.util.concurrent.ConcurrentHashMap.transfer([Ljava/util/concurrent/ConcurrentHashMap$Node;[Ljava/util/concurrent/ConcurrentHashMap$Node;)V @ 356
Event: 70.647 Thread 0x0000000003392800 Uncommon trap: reason=null_check action=make_not_entrant pc=0x0000000004e87908 method=java.beans.Introspector.isAssignable(Ljava/lang/Class;Ljava/lang/Class;)Z @ 23
Event: 70.965 Thread 0x000000001b94e800 Uncommon trap: reason=bimorphic action=maybe_recompile pc=0x0000000004dffa38 method=java.lang.StringCoding$StringDecoder.charsetName()Ljava/lang/String; @ 17
Event: 71.035 Thread 0x000000001b94e800 Uncommon trap: reason=unstable_if action=reinterpret pc=0x0000000003e7fa18 method=sun.misc.ASCIICaseInsensitiveComparator.compare(Ljava/lang/String;Ljava/lang/String;)I @ 83
Event: 71.212 Thread 0x000000001b94e800 Uncommon trap: reason=unstable_if action=reinterpret pc=0x0000000004e19a14 method=java.util.TreeMap.put(Ljava/lang/Object;Ljava/lang/Object;)Ljava/lang/Object; @ 163
Event: 71.229 Thread 0x000000001b94e800 Uncommon trap: reason=unstable_if action=reinterpret pc=0x0000000004dff780 method=java.lang.StringCoding$StringDecoder.decode([BII)[C @ 20
Event: 71.303 Thread 0x000000001b94e800 Uncommon trap: reason=bimorphic action=maybe_recompile pc=0x0000000004df8c44 method=java.lang.StringCoding$StringDecoder.charsetName()Ljava/lang/String; @ 17

Classes redefined (0 events):
No events

Internal exceptions (10 events):
Event: 71.372 Thread 0x0000000003392800 Exception <a 'java/lang/ClassNotFoundException': org/springframework/beans/factory/AwareCustomizer> (0x00000000f3b8d0c8) thrown at [C:\re\workspace\8-2-build-windows-amd64-cygwin\jdk8u231\13620\hotspot\src\share\vm\classfile\systemDictionary.cpp, line 210
Event: 71.374 Thread 0x0000000003392800 Exception <a 'java/lang/ClassNotFoundException': org/springframework/beans/factory/InitializingBeanCustomizer> (0x00000000f3bb5d88) thrown at [C:\re\workspace\8-2-build-windows-amd64-cygwin\jdk8u231\13620\hotspot\src\share\vm\classfile\systemDictionary.cp
Event: 71.379 Thread 0x0000000003392800 Exception <a 'java/lang/ClassNotFoundException': java/lang/ObjectCustomizer> (0x00000000f3bcdf28) thrown at [C:\re\workspace\8-2-build-windows-amd64-cygwin\jdk8u231\13620\hotspot\src\share\vm\classfile\systemDictionary.cpp, line 210]
Event: 71.381 Thread 0x0000000003392800 Exception <a 'java/lang/ClassNotFoundException': org/springframework/security/web/authentication/session/AbstractSessionFixationProtectionStrategyCustomizer> (0x00000000f3c10f28) thrown at [C:\re\workspace\8-2-build-windows-amd64-cygwin\jdk8u231\13620\hot
Event: 71.385 Thread 0x0000000003392800 Exception <a 'java/lang/ClassNotFoundException': org/springframework/security/web/authentication/session/ChangeSessionIdAuthenticationStrategyCustomizer> (0x00000000f3c55110) thrown at [C:\re\workspace\8-2-build-windows-amd64-cygwin\jdk8u231\13620\hotspot
Event: 71.387 Thread 0x0000000003392800 Exception <a 'java/lang/ClassNotFoundException': org/springframework/security/web/authentication/session/SessionAuthenticationStrategyCustomizer> (0x00000000f3c96e60) thrown at [C:\re\workspace\8-2-build-windows-amd64-cygwin\jdk8u231\13620\hotspot\src\sha
Event: 71.389 Thread 0x0000000003392800 Exception <a 'java/lang/ClassNotFoundException': org/springframework/context/ApplicationEventPublisherAwareCustomizer> (0x00000000f3cc47e0) thrown at [C:\re\workspace\8-2-build-windows-amd64-cygwin\jdk8u231\13620\hotspot\src\share\vm\classfile\systemDicti
Event: 71.390 Thread 0x0000000003392800 Exception <a 'java/lang/ClassNotFoundException': org/springframework/beans/factory/AwareCustomizer> (0x00000000f3ce91b0) thrown at [C:\re\workspace\8-2-build-windows-amd64-cygwin\jdk8u231\13620\hotspot\src\share\vm\classfile\systemDictionary.cpp, line 210
Event: 71.392 Thread 0x0000000003392800 Exception <a 'java/lang/ClassNotFoundException': java/lang/ObjectCustomizer> (0x00000000f3cfb600) thrown at [C:\re\workspace\8-2-build-windows-amd64-cygwin\jdk8u231\13620\hotspot\src\share\vm\classfile\systemDictionary.cpp, line 210]
Event: 71.395 Thread 0x0000000003392800 Exception <a 'java/lang/ClassNotFoundException': org/springframework/security/web/authentication/session/CompositeSessionAuthenticationStrategyCustomizer> (0x00000000f3d3c238) thrown at [C:\re\workspace\8-2-build-windows-amd64-cygwin\jdk8u231\13620\hotspo

Events (10 events):
Event: 71.393 loading class org/springframework/security/web/authentication/session/CompositeSessionAuthenticationStrategyCustomizer
Event: 71.393 loading class org/springframework/security/web/authentication/session/CompositeSessionAuthenticationStrategyCustomizer done
Event: 71.393 loading class org/springframework/security/web/authentication/session/CompositeSessionAuthenticationStrategyCustomizer
Event: 71.393 loading class org/springframework/security/web/authentication/session/CompositeSessionAuthenticationStrategyCustomizer done
Event: 71.395 loading class org/springframework/security/web/authentication/session/CompositeSessionAuthenticationStrategyCustomizer
Event: 71.395 loading class org/springframework/security/web/authentication/session/CompositeSessionAuthenticationStrategyCustomizer done
Event: 71.396 loading class org/springframework/security/web/authentication/session/SessionAuthenticationStrategyCustomizer
Event: 71.396 loading class org/springframework/security/web/authentication/session/SessionAuthenticationStrategyCustomizer done
Event: 71.399 loading class com/zaxxer/hikari/pool/PoolEntry
Event: 71.399 loading class com/zaxxer/hikari/pool/PoolEntry done


Dynamic libraries:
0x00007ff77bab0000 - 0x00007ff77bae7000 	C:\Program Files\Java\jdk1.8.0_231\jre\bin\java.exe
0x00007ffdfb460000 - 0x00007ffdfb650000 	C:\Windows\SYSTEM32\ntdll.dll
0x00007ffdfa4e0000 - 0x00007ffdfa592000 	C:\Windows\System32\KERNEL32.DLL
0x00007ffdf8df0000 - 0x00007ffdf9094000 	C:\Windows\System32\KERNELBASE.dll
0x00007ffdfaad0000 - 0x00007ffdfab73000 	C:\Windows\System32\ADVAPI32.dll
0x00007ffdfaa30000 - 0x00007ffdfaace000 	C:\Windows\System32\msvcrt.dll
0x00007ffdfa440000 - 0x00007ffdfa4d7000 	C:\Windows\System32\sechost.dll
0x00007ffdfa5a0000 - 0x00007ffdfa6c0000 	C:\Windows\System32\RPCRT4.dll
0x00007ffdfab80000 - 0x00007ffdfad14000 	C:\Windows\System32\USER32.dll
0x00007ffdf9290000 - 0x00007ffdf92b1000 	C:\Windows\System32\win32u.dll
0x00007ffdfa130000 - 0x00007ffdfa156000 	C:\Windows\System32\GDI32.dll
0x00007ffdf90a0000 - 0x00007ffdf9235000 	C:\Windows\System32\gdi32full.dll
0x00007ffdf8d50000 - 0x00007ffdf8dee000 	C:\Windows\System32\msvcp_win.dll
0x00007ffdf8420000 - 0x00007ffdf851a000 	C:\Windows\System32\ucrtbase.dll
0x00007ffde98b0000 - 0x00007ffde9b34000 	C:\Windows\WinSxS\amd64_microsoft.windows.common-controls_6595b64144ccf1df_6.0.18362.900_none_e6beb9d913147d17\COMCTL32.dll
0x00007ffdf9640000 - 0x00007ffdf9975000 	C:\Windows\System32\combase.dll
0x00007ffdf92e0000 - 0x00007ffdf9360000 	C:\Windows\System32\bcryptPrimitives.dll
0x00007ffdfaa00000 - 0x00007ffdfaa2e000 	C:\Windows\System32\IMM32.DLL
0x000000006a8f0000 - 0x000000006a9c2000 	C:\Program Files\Java\jdk1.8.0_231\jre\bin\msvcr100.dll
0x0000000068170000 - 0x0000000068a16000 	C:\Program Files\Java\jdk1.8.0_231\jre\bin\server\jvm.dll
0x00007ffdfa3c0000 - 0x00007ffdfa3c8000 	C:\Windows\System32\PSAPI.DLL
0x00007ffdf1250000 - 0x00007ffdf1259000 	C:\Windows\SYSTEM32\WSOCK32.dll
0x00007ffdeade0000 - 0x00007ffdeadea000 	C:\Windows\SYSTEM32\VERSION.dll
0x00007ffdf4fd0000 - 0x00007ffdf4ff4000 	C:\Windows\SYSTEM32\WINMM.dll
0x00007ffdfa3d0000 - 0x00007ffdfa43f000 	C:\Windows\System32\WS2_32.dll
0x00007ffdf4fa0000 - 0x00007ffdf4fcd000 	C:\Windows\SYSTEM32\winmmbase.dll
0x00007ffdf9240000 - 0x00007ffdf928a000 	C:\Windows\System32\cfgmgr32.dll
0x00007ffdf50b0000 - 0x00007ffdf50bf000 	C:\Program Files\Java\jdk1.8.0_231\jre\bin\verify.dll
0x00007ffdeb730000 - 0x00007ffdeb759000 	C:\Program Files\Java\jdk1.8.0_231\jre\bin\java.dll
0x00007ffdf1200000 - 0x00007ffdf1223000 	C:\Program Files\Java\jdk1.8.0_231\jre\bin\instrument.dll
0x00007ffdf1260000 - 0x00007ffdf1276000 	C:\Program Files\Java\jdk1.8.0_231\jre\bin\zip.dll
0x00007ffdf9980000 - 0x00007ffdfa066000 	C:\Windows\System32\SHELL32.dll
0x00007ffdfa160000 - 0x00007ffdfa209000 	C:\Windows\System32\shcore.dll
0x00007ffdf85d0000 - 0x00007ffdf8d50000 	C:\Windows\System32\windows.storage.dll
0x00007ffdf83c0000 - 0x00007ffdf83e3000 	C:\Windows\System32\profapi.dll
0x00007ffdf8350000 - 0x00007ffdf839a000 	C:\Windows\System32\powrprof.dll
0x00007ffdf8320000 - 0x00007ffdf8330000 	C:\Windows\System32\UMPDC.dll
0x00007ffdfa0d0000 - 0x00007ffdfa122000 	C:\Windows\System32\shlwapi.dll
0x00007ffdf8330000 - 0x00007ffdf8341000 	C:\Windows\System32\kernel.appcore.dll
0x00007ffdf92c0000 - 0x00007ffdf92d7000 	C:\Windows\System32\cryptsp.dll
0x00007ffdeb710000 - 0x00007ffdeb72a000 	C:\Program Files\Java\jdk1.8.0_231\jre\bin\net.dll
0x00007ffdf7b90000 - 0x00007ffdf7bf7000 	C:\Windows\system32\mswsock.dll
0x00007ffde6230000 - 0x00007ffde6246000 	C:\Windows\system32\napinsp.dll
0x00007ffde44f0000 - 0x00007ffde450a000 	C:\Windows\system32\pnrpnsp.dll
0x00007ffdf78e0000 - 0x00007ffdf79ab000 	C:\Windows\SYSTEM32\DNSAPI.dll
0x00007ffdf95c0000 - 0x00007ffdf95c8000 	C:\Windows\System32\NSI.dll
0x00007ffdf78a0000 - 0x00007ffdf78da000 	C:\Windows\SYSTEM32\IPHLPAPI.DLL
0x00007ffddb980000 - 0x00007ffddb98e000 	C:\Windows\System32\winrnr.dll
0x00007ffdf4e40000 - 0x00007ffdf4e5c000 	C:\Windows\system32\NLAapi.dll
0x00007ffdf3eb0000 - 0x00007ffdf3ec5000 	C:\Windows\system32\wshbth.dll
0x00007ffde88a0000 - 0x00007ffde88aa000 	C:\Windows\System32\rasadhlp.dll
0x00007ffdebe30000 - 0x00007ffdebea7000 	C:\Windows\System32\fwpuclnt.dll
0x00007ffdf83f0000 - 0x00007ffdf8416000 	C:\Windows\System32\bcrypt.dll
0x00007ffdd2b80000 - 0x00007ffdd2b92000 	C:\Program Files\Java\jdk1.8.0_231\jre\bin\nio.dll
0x00007ffdf1d70000 - 0x00007ffdf1d7d000 	C:\Program Files\Java\jdk1.8.0_231\jre\bin\management.dll
0x00007ffdf7700000 - 0x00007ffdf7733000 	C:\Windows\system32\rsaenh.dll
0x00007ffdf8210000 - 0x00007ffdf8235000 	C:\Windows\SYSTEM32\USERENV.dll
0x00007ffdf7d60000 - 0x00007ffdf7d6c000 	C:\Windows\SYSTEM32\CRYPTBASE.dll
0x00007ffdec0f0000 - 0x00007ffdec106000 	C:\Windows\SYSTEM32\dhcpcsvc6.DLL
0x00007ffdec800000 - 0x00007ffdec81c000 	C:\Windows\SYSTEM32\dhcpcsvc.DLL

VM Arguments:
jvm_args: -javaagent:C:\\Users\\This MC\\.m2\\repository\\org\\jacoco\\org.jacoco.agent\\0.8.5\\org.jacoco.agent-0.8.5-runtime.jar=destfile=D:\\New folder\\rest-server\\target\\jacoco.exec 
java_command: C:\Users\THISMC~1\AppData\Local\Temp\surefire4894612294752520048\surefirebooter1434447225205230873.jar C:\Users\This MC\AppData\Local\Temp\surefire4894612294752520048 2020-07-10T14-45-29_652-jvmRun1 surefire3058822598246618878tmp surefire_04386390491070723596tmp
java_class_path (initial): C:\Users\THISMC~1\AppData\Local\Temp\surefire4894612294752520048\surefirebooter1434447225205230873.jar;C:\\Users\\This MC\\.m2\\repository\\org\\jacoco\\org.jacoco.agent\\0.8.5\\org.jacoco.agent-0.8.5-runtime.jar
Launcher Type: SUN_STANDARD

Environment Variables:
JAVA_HOME=C:\Program Files\Java\jdk-13.0.2
PATH=C:\Program Files (x86)\Common Files\Oracle\Java\javapath;C:\Windows\system32;C:\Windows;C:\Windows\System32\Wbem;C:\Windows\System32\WindowsPowerShell\v1.0\;C:\Windows\System32\OpenSSH\;C:\Program Files\Microsoft SQL Server\120\DTS\Binn\;C:\Program Files\Microsoft SQL Server\Client SDK\ODBC\110\Tools\Binn\;C:\Program Files (x86)\Microsoft SQL Server\120\Tools\Binn\;C:\Program Files\Microsoft SQL Server\120\Tools\Binn\;C:\Program Files (x86)\Microsoft SQL Server\120\Tools\Binn\ManagementStudio\;C:\Program Files (x86)\Microsoft SQL Server\120\DTS\Binn\;C:\Program Files\Microsoft SQL Server\130\Tools\Binn\;C:\Program Files\Git\cmd;C:\Program Files\Java\jdk-13.0.2\bin;C:\Program Files\nodejs\;C:\Program Files\MySQL\MySQL Shell 8.0\bin\;C:\Users\This MC\AppData\Roaming\npm
USERNAME=This MC
OS=Windows_NT
PROCESSOR_IDENTIFIER=Intel64 Family 6 Model 69 Stepping 1, GenuineIntel



---------------  S Y S T E M  ---------------

OS: Windows 10.0 , 64 bit Build 18362 (10.0.18362.900)

CPU:total 4 (initial active 4) (2 cores per cpu, 2 threads per core) family 6 model 69 stepping 1, cmov, cx8, fxsr, mmx, sse, sse2, sse3, ssse3, sse4.1, sse4.2, popcnt, avx, avx2, aes, clmul, erms, lzcnt, ht, tsc, tscinvbit, bmi1, bmi2

Memory: 4k page, physical 6209868k(363372k free), swap 13589192k(5364k free)

vm_info: Java HotSpot(TM) 64-Bit Server VM (25.231-b11) for windows-amd64 JRE (1.8.0_231-b11), built on Oct  5 2019 03:11:30 by "java_re" with MS VC++ 10.0 (VS2010)

time: Fri Jul 10 14:46:43 2020
timezone: SE Asia Standard Time
elapsed time: 71 seconds (0d 0h 1m 11s)

